2024-12-19 04:39:24 [ERROR]: ReferenceError: logger is not defined
    at process.<anonymous> (file:///C:/Users/hamza/OneDrive/Desktop/vidstie/backend/index.js:67:3)
    at process.emit (node:events:530:35)
    at emitUnhandledRejection (node:internal/process/promises:252:13)
    at throwUnhandledRejectionsMode (node:internal/process/promises:388:19)
    at processPromiseRejections (node:internal/process/promises:475:17)
    at process.processTicksAndRejections (node:internal/process/task_queues:106:32)
2024-12-19 04:40:22 [ERROR]: TypeError [ERR_INVALID_ARG_TYPE]: The "url" argument must be of type string. Received undefined
    at Url.parse (node:url:171:3)
    at Object.urlParse [as parse] (node:url:142:13)
    at new Sequelize (C:\Users\hamza\OneDrive\Desktop\vidstie\backend\node_modules\sequelize\lib\sequelize.js:57:28)
    at file:///C:/Users/hamza/OneDrive/Desktop/vidstie/backend/db/db.js:12:19
    at ModuleJob.run (node:internal/modules/esm/module_job:268:25)
    at async onImport.tracePromise.__proto__ (node:internal/modules/esm/loader:543:26)
    at async asyncRunEntryPointWithESMLoader (node:internal/modules/run_main:116:5)
2024-12-19 04:40:29 [ERROR]: TypeError [ERR_INVALID_ARG_TYPE]: The "url" argument must be of type string. Received undefined
    at Url.parse (node:url:171:3)
    at Object.urlParse [as parse] (node:url:142:13)
    at new Sequelize (C:\Users\hamza\OneDrive\Desktop\vidstie\backend\node_modules\sequelize\lib\sequelize.js:57:28)
    at file:///C:/Users/hamza/OneDrive/Desktop/vidstie/backend/db/db.js:12:19
    at ModuleJob.run (node:internal/modules/esm/module_job:268:25)
    at async onImport.tracePromise.__proto__ (node:internal/modules/esm/loader:543:26)
    at async asyncRunEntryPointWithESMLoader (node:internal/modules/run_main:116:5)
2024-12-19 05:33:23 [ERROR]: ReferenceError: logger is not defined
    at process.<anonymous> (file:///C:/Users/hamza/OneDrive/Desktop/vidstie/backend/index.js:67:3)
    at process.emit (node:events:530:35)
    at emitUnhandledRejection (node:internal/process/promises:252:13)
    at throwUnhandledRejectionsMode (node:internal/process/promises:388:19)
    at processPromiseRejections (node:internal/process/promises:475:17)
    at process.processTicksAndRejections (node:internal/process/task_queues:106:32)
2024-12-20 14:17:36 [ERROR]: TypeError: passwordSchema.min(...).required is not a function
    at file:///C:/Users/hamza/OneDrive/Desktop/vidstie/backend/components/Utilities/validationSchemas.js:6:35
    at ModuleJob.run (node:internal/modules/esm/module_job:268:25)
    at async onImport.tracePromise.__proto__ (node:internal/modules/esm/loader:543:26)
    at async asyncRunEntryPointWithESMLoader (node:internal/modules/run_main:116:5)
2024-12-20 14:17:49 [ERROR]: TypeError: passwordSchema.min(...).required is not a function
    at file:///C:/Users/hamza/OneDrive/Desktop/vidstie/backend/components/Utilities/validationSchemas.js:6:35
    at ModuleJob.run (node:internal/modules/esm/module_job:268:25)
    at async onImport.tracePromise.__proto__ (node:internal/modules/esm/loader:543:26)
    at async asyncRunEntryPointWithESMLoader (node:internal/modules/run_main:116:5)
2024-12-20 14:18:26 [ERROR]: TypeError: passwordSchema.min(...).required is not a function
    at file:///C:/Users/hamza/OneDrive/Desktop/vidstie/backend/components/Utilities/validationSchemas.js:6:35
    at ModuleJob.run (node:internal/modules/esm/module_job:268:25)
    at async onImport.tracePromise.__proto__ (node:internal/modules/esm/loader:543:26)
    at async asyncRunEntryPointWithESMLoader (node:internal/modules/run_main:116:5)
2024-12-20 14:19:33 [ERROR]: TypeError: passwordSchema.min(...).required is not a function
    at file:///C:/Users/hamza/OneDrive/Desktop/vidstie/backend/components/Utilities/validationSchemas.js:6:35
    at ModuleJob.run (node:internal/modules/esm/module_job:268:25)
    at async onImport.tracePromise.__proto__ (node:internal/modules/esm/loader:543:26)
    at async asyncRunEntryPointWithESMLoader (node:internal/modules/run_main:116:5)
2024-12-20 16:48:26 [ERROR]: ReferenceError: logger is not defined
    at process.<anonymous> (file:///C:/Users/hamza/OneDrive/Desktop/vidstie/backend/index.js:67:3)
    at process.emit (node:events:530:35)
    at emitUnhandledRejection (node:internal/process/promises:252:13)
    at throwUnhandledRejectionsMode (node:internal/process/promises:388:19)
    at processPromiseRejections (node:internal/process/promises:475:17)
    at process.processTicksAndRejections (node:internal/process/task_queues:106:32)
2024-12-20 16:56:52 [ERROR]: TypeError: passwordSchema.required is not a function
    at file:///C:/Users/hamza/OneDrive/Desktop/vidstie/backend/components/Utilities/validationSchemas.js:5:28
    at ModuleJob.run (node:internal/modules/esm/module_job:268:25)
    at async onImport.tracePromise.__proto__ (node:internal/modules/esm/loader:543:26)
    at async asyncRunEntryPointWithESMLoader (node:internal/modules/run_main:116:5)
